2022-04-06 08:50:34,474 - pyswarms.single.global_best - INFO - Optimize for 1000 iters with {'c1': 0.5, 'c2': 0.3, 'w': 0.9}
2022-04-06 08:50:35,211 - pyswarms.single.global_best - INFO - Optimization finished | best cost: 2.025220518670359, best pos: [1.00267331 1.00988452]
2022-04-06 08:51:59,984 - pyswarms.single.global_best - INFO - Optimize for 1000 iters with {'c1': 0.5, 'c2': 0.3, 'w': 0.9}
2022-04-06 08:52:00,730 - pyswarms.single.global_best - INFO - Optimization finished | best cost: 2.0088382443900548, best pos: [1.00406702 1.00034377]
2022-04-06 08:59:29,587 - pyswarms.single.global_best - INFO - Optimize for 1000 iters with {'c1': 0.5, 'c2': 0.3, 'w': 0.9}
2022-04-06 08:59:45,859 - pyswarms.single.global_best - INFO - Optimize for 1000 iters with {'c1': 0.5, 'c2': 0.3, 'w': 0.9}
2022-04-06 08:59:46,515 - pyswarms.single.global_best - INFO - Optimization finished | best cost: -1.5135820286502941, best pos: [-0.22603485  1.36364932  1.94125367  1.93862133  1.63774618  1.70135233]
2022-04-06 09:00:53,511 - pyswarms.single.global_best - INFO - Optimize for 1000 iters with {'c1': 0.5, 'c2': 0.3, 'w': 0.9}
2022-04-06 09:00:54,152 - pyswarms.single.global_best - INFO - Optimization finished | best cost: -2.9968112728141643, best pos: [-0.53992909 -0.55057416  1.49639888  1.04963581 -0.57121826 -0.05688707]
2022-04-06 09:01:51,682 - pyswarms.single.global_best - INFO - Optimize for 1000 iters with {'c1': 0.5, 'c2': 0.3, 'w': 0.9}
2022-04-06 09:02:04,021 - pyswarms.single.global_best - INFO - Optimize for 1000 iters with {'c1': 0.5, 'c2': 0.3, 'w': 0.9}
2022-04-06 09:03:31,405 - pyswarms.single.global_best - INFO - Optimize for 1000 iters with {'c1': 0.5, 'c2': 0.3, 'w': 0.9}
2022-04-06 09:03:32,208 - pyswarms.single.global_best - INFO - Optimization finished | best cost: -2.9999005304355895, best pos: [-0.52620445 -0.50752307  1.12679395  1.39758866 -0.0278656  -0.30438588]
2022-04-06 09:03:56,932 - pyswarms.single.global_best - INFO - Optimize for 1000 iters with {'c1': 0.5, 'c2': 0.3, 'w': 0.9}
2022-04-06 09:03:57,768 - pyswarms.single.global_best - INFO - Optimization finished | best cost: -2.812769738057277, best pos: [0.67374729 0.69285958 0.99439304 0.97985857 0.44355762 0.2281198 ]
2022-04-06 09:05:23,933 - pyswarms.single.global_best - INFO - Optimize for 1000 iters with {'c1': 0.5, 'c2': 0.3, 'w': 0.9}
2022-04-06 09:05:24,672 - pyswarms.single.global_best - INFO - Optimization finished | best cost: -2.8291078740045315, best pos: [0.47785689 0.46012895 0.99614885 0.99313102 0.32833782 0.34843814]
2022-04-06 09:14:15,271 - pyswarms.discrete.binary - INFO - Optimize for 30 iters with {'c1': 0.5, 'c2': 0.3, 'w': 0.9, 'k': 2, 'p': 1}
2022-04-06 09:14:15,326 - pyswarms.discrete.binary - INFO - Optimization finished | best cost: 8.0, best pos: [1 0 1 0 1 0 1 1 1 0 1 1 0 1 0]
2022-04-06 09:14:56,240 - pyswarms.discrete.binary - INFO - Optimize for 30 iters with {'c1': 0.5, 'c2': 0.3, 'w': 0.9, 'k': 2, 'p': 1}
2022-04-06 09:14:56,278 - pyswarms.discrete.binary - INFO - Optimization finished | best cost: 94.0, best pos: [0 1 0 0 0 1 1 0 1 0 1 1 1 0 0]
2022-04-06 09:15:13,809 - pyswarms.discrete.binary - INFO - Optimize for 30 iters with {'c1': 0.5, 'c2': 0.3, 'w': 0.9, 'k': 2, 'p': 1}
2022-04-06 09:15:13,847 - pyswarms.discrete.binary - INFO - Optimization finished | best cost: 40.0, best pos: [1 1 1 1 0 0 1 0 0 0 0 1 1 1 0]
2022-04-06 09:16:25,463 - pyswarms.discrete.binary - INFO - Optimize for 30 iters with {'c1': 0.5, 'c2': 0.3, 'w': 0.9, 'k': 2, 'p': 1}
2022-04-06 09:16:25,513 - pyswarms.discrete.binary - INFO - Optimization finished | best cost: -432.0, best pos: [1 0 0 0 0 0 1 0 0 0 0 0 0 0 0]
2022-04-06 09:16:36,153 - pyswarms.discrete.binary - INFO - Optimize for 30 iters with {'c1': 0.5, 'c2': 0.3, 'w': 0.9, 'k': 2, 'p': 1}
2022-04-06 09:16:36,204 - pyswarms.discrete.binary - INFO - Optimization finished | best cost: -478.0, best pos: [0 0 1 1 0 1 1 1 1 1 1 1 1 1 1]
2022-04-06 09:16:48,867 - pyswarms.discrete.binary - INFO - Optimize for 30 iters with {'c1': 0.5, 'c2': 0.3, 'w': 0.9, 'k': 2, 'p': 1}
2022-04-06 09:16:48,921 - pyswarms.discrete.binary - INFO - Optimization finished | best cost: 0.0, best pos: [1 1 0 0 1 0 0 1 0 0 0 1 1 0 1]
2022-04-06 09:16:59,236 - pyswarms.discrete.binary - INFO - Optimize for 30 iters with {'c1': 0.5, 'c2': 0.3, 'w': 0.9, 'k': 2, 'p': 1}
2022-04-06 09:16:59,285 - pyswarms.discrete.binary - INFO - Optimization finished | best cost: 0.0, best pos: [0 0 0 1 1 0 1 0 1 1 0 1 0 0 1]
2022-04-06 09:17:30,422 - pyswarms.discrete.binary - INFO - Optimize for 30 iters with {'c1': 0.5, 'c2': 0.3, 'w': 0.9, 'k': 2, 'p': 1}
2022-04-06 09:17:30,472 - pyswarms.discrete.binary - INFO - Optimization finished | best cost: 4.0, best pos: [0 0 0 0 1 0 0 1 1 0 1 1 1 0 0]
2022-04-06 09:17:38,813 - pyswarms.discrete.binary - INFO - Optimize for 30 iters with {'c1': 0.5, 'c2': 0.3, 'w': 0.9, 'k': 2, 'p': 1}
2022-04-06 09:17:38,867 - pyswarms.discrete.binary - INFO - Optimization finished | best cost: 2.0, best pos: [0 1 0 1 0 1 1 0 1 1 0 1 1 0 0]
2022-04-06 09:17:45,854 - pyswarms.discrete.binary - INFO - Optimize for 30 iters with {'c1': 0.5, 'c2': 0.3, 'w': 0.9, 'k': 2, 'p': 1}
2022-04-06 09:17:45,904 - pyswarms.discrete.binary - INFO - Optimization finished | best cost: 2.0, best pos: [1 0 1 1 1 1 1 0 1 0 0 0 0 1 1]
2022-04-06 09:17:52,800 - pyswarms.discrete.binary - INFO - Optimize for 30 iters with {'c1': 0.5, 'c2': 0.3, 'w': 0.9, 'k': 2, 'p': 1}
2022-04-06 09:17:52,850 - pyswarms.discrete.binary - INFO - Optimization finished | best cost: 2.0, best pos: [0 0 1 1 1 1 1 0 0 0 1 1 0 1 0]
2022-04-06 09:18:00,098 - pyswarms.discrete.binary - INFO - Optimize for 30 iters with {'c1': 0.5, 'c2': 0.3, 'w': 0.9, 'k': 2, 'p': 1}
2022-04-06 09:18:00,146 - pyswarms.discrete.binary - INFO - Optimization finished | best cost: 0.0, best pos: [1 0 1 1 0 0 0 0 0 1 1 0 1 0 1]
2022-04-06 09:18:07,435 - pyswarms.discrete.binary - INFO - Optimize for 30 iters with {'c1': 0.5, 'c2': 0.3, 'w': 0.9, 'k': 2, 'p': 1}
2022-04-06 09:18:07,483 - pyswarms.discrete.binary - INFO - Optimization finished | best cost: 2.0, best pos: [0 1 1 0 0 1 0 0 0 0 0 0 1 1 1]
2022-04-06 09:18:14,618 - pyswarms.discrete.binary - INFO - Optimize for 30 iters with {'c1': 0.5, 'c2': 0.3, 'w': 0.9, 'k': 2, 'p': 1}
2022-04-06 09:18:14,666 - pyswarms.discrete.binary - INFO - Optimization finished | best cost: 2.0, best pos: [0 0 0 1 0 0 1 1 0 0 1 1 0 0 1]
